18-Dec-2019 15:06:37 [main] ERROR websfa.test.TestClass - Eroare
18-Dec-2019 15:08:40 [main] ERROR websfa.test.TestClass - Eroare
18-Dec-2019 15:08:41 [main] ERROR websfa.model.comenzi.OperatiiMasini - kong.unirest.UnirestException: javax.net.ssl.SSLHandshakeException: sun.security.validator.ValidatorException: PKIX path building failed: sun.security.provider.certpath.SunCertPathBuilderException: unable to find valid certification path to requested target
	at kong.unirest.apache.ApacheClient.request(ApacheClient.java:134)
	at kong.unirest.BaseRequest.asString(BaseRequest.java:180)
	at websfa.model.comenzi.OperatiiMasini.getPlateNumber(OperatiiMasini.java:109)
	at websfa.test.TestClass.main(TestClass.java:45)
Caused by: javax.net.ssl.SSLHandshakeException: sun.security.validator.ValidatorException: PKIX path building failed: sun.security.provider.certpath.SunCertPathBuilderException: unable to find valid certification path to requested target
	at sun.security.ssl.Alerts.getSSLException(Alerts.java:192)
	at sun.security.ssl.SSLSocketImpl.fatal(SSLSocketImpl.java:1917)
	at sun.security.ssl.Handshaker.fatalSE(Handshaker.java:301)
	at sun.security.ssl.Handshaker.fatalSE(Handshaker.java:295)
	at sun.security.ssl.ClientHandshaker.serverCertificate(ClientHandshaker.java:1471)
	at sun.security.ssl.ClientHandshaker.processMessage(ClientHandshaker.java:212)
	at sun.security.ssl.Handshaker.processLoop(Handshaker.java:936)
	at sun.security.ssl.Handshaker.process_record(Handshaker.java:871)
	at sun.security.ssl.SSLSocketImpl.readRecord(SSLSocketImpl.java:1043)
	at sun.security.ssl.SSLSocketImpl.performInitialHandshake(SSLSocketImpl.java:1343)
	at sun.security.ssl.SSLSocketImpl.startHandshake(SSLSocketImpl.java:1371)
	at sun.security.ssl.SSLSocketImpl.startHandshake(SSLSocketImpl.java:1355)
	at unirest.shaded.org.apache.http.conn.ssl.SSLConnectionSocketFactory.createLayeredSocket(SSLConnectionSocketFactory.java:436)
	at unirest.shaded.org.apache.http.conn.ssl.SSLConnectionSocketFactory.connectSocket(SSLConnectionSocketFactory.java:384)
	at unirest.shaded.org.apache.http.impl.conn.DefaultHttpClientConnectionOperator.connect(DefaultHttpClientConnectionOperator.java:142)
	at unirest.shaded.org.apache.http.impl.conn.PoolingHttpClientConnectionManager.connect(PoolingHttpClientConnectionManager.java:374)
	at unirest.shaded.org.apache.http.impl.execchain.MainClientExec.establishRoute(MainClientExec.java:393)
	at unirest.shaded.org.apache.http.impl.execchain.MainClientExec.execute(MainClientExec.java:236)
	at unirest.shaded.org.apache.http.impl.execchain.ProtocolExec.execute(ProtocolExec.java:186)
	at unirest.shaded.org.apache.http.impl.execchain.RetryExec.execute(RetryExec.java:89)
	at unirest.shaded.org.apache.http.impl.execchain.RedirectExec.execute(RedirectExec.java:110)
	at unirest.shaded.org.apache.http.impl.client.InternalHttpClient.doExecute(InternalHttpClient.java:185)
	at unirest.shaded.org.apache.http.impl.client.CloseableHttpClient.execute(CloseableHttpClient.java:83)
	at unirest.shaded.org.apache.http.impl.client.CloseableHttpClient.execute(CloseableHttpClient.java:108)
	at unirest.shaded.org.apache.http.impl.client.CloseableHttpClient.execute(CloseableHttpClient.java:56)
	at kong.unirest.apache.ApacheClient.request(ApacheClient.java:125)
	... 3 more
Caused by: sun.security.validator.ValidatorException: PKIX path building failed: sun.security.provider.certpath.SunCertPathBuilderException: unable to find valid certification path to requested target
	at sun.security.validator.PKIXValidator.doBuild(PKIXValidator.java:387)
	at sun.security.validator.PKIXValidator.engineValidate(PKIXValidator.java:292)
	at sun.security.validator.Validator.validate(Validator.java:260)
	at sun.security.ssl.X509TrustManagerImpl.validate(X509TrustManagerImpl.java:324)
	at sun.security.ssl.X509TrustManagerImpl.checkTrusted(X509TrustManagerImpl.java:229)
	at sun.security.ssl.X509TrustManagerImpl.checkServerTrusted(X509TrustManagerImpl.java:124)
	at sun.security.ssl.ClientHandshaker.serverCertificate(ClientHandshaker.java:1453)
	... 24 more
Caused by: sun.security.provider.certpath.SunCertPathBuilderException: unable to find valid certification path to requested target
	at sun.security.provider.certpath.SunCertPathBuilder.build(SunCertPathBuilder.java:145)
	at sun.security.provider.certpath.SunCertPathBuilder.engineBuild(SunCertPathBuilder.java:131)
	at java.security.cert.CertPathBuilder.build(CertPathBuilder.java:280)
	at sun.security.validator.PKIXValidator.doBuild(PKIXValidator.java:382)
	... 30 more

18-Dec-2019 15:24:22 [main] ERROR websfa.test.TestClass - Eroare
18-Dec-2019 15:24:23 [main] ERROR websfa.model.comenzi.OperatiiMasini - kong.unirest.UnirestException: javax.net.ssl.SSLHandshakeException: sun.security.validator.ValidatorException: PKIX path building failed: sun.security.provider.certpath.SunCertPathBuilderException: unable to find valid certification path to requested target
	at kong.unirest.apache.ApacheClient.request(ApacheClient.java:134)
	at kong.unirest.BaseRequest.asString(BaseRequest.java:180)
	at websfa.model.comenzi.OperatiiMasini.getPlateNumber(OperatiiMasini.java:109)
	at websfa.test.TestClass.main(TestClass.java:45)
Caused by: javax.net.ssl.SSLHandshakeException: sun.security.validator.ValidatorException: PKIX path building failed: sun.security.provider.certpath.SunCertPathBuilderException: unable to find valid certification path to requested target
	at sun.security.ssl.Alerts.getSSLException(Alerts.java:192)
	at sun.security.ssl.SSLSocketImpl.fatal(SSLSocketImpl.java:1917)
	at sun.security.ssl.Handshaker.fatalSE(Handshaker.java:301)
	at sun.security.ssl.Handshaker.fatalSE(Handshaker.java:295)
	at sun.security.ssl.ClientHandshaker.serverCertificate(ClientHandshaker.java:1471)
	at sun.security.ssl.ClientHandshaker.processMessage(ClientHandshaker.java:212)
	at sun.security.ssl.Handshaker.processLoop(Handshaker.java:936)
	at sun.security.ssl.Handshaker.process_record(Handshaker.java:871)
	at sun.security.ssl.SSLSocketImpl.readRecord(SSLSocketImpl.java:1043)
	at sun.security.ssl.SSLSocketImpl.performInitialHandshake(SSLSocketImpl.java:1343)
	at sun.security.ssl.SSLSocketImpl.startHandshake(SSLSocketImpl.java:1371)
	at sun.security.ssl.SSLSocketImpl.startHandshake(SSLSocketImpl.java:1355)
	at unirest.shaded.org.apache.http.conn.ssl.SSLConnectionSocketFactory.createLayeredSocket(SSLConnectionSocketFactory.java:436)
	at unirest.shaded.org.apache.http.conn.ssl.SSLConnectionSocketFactory.connectSocket(SSLConnectionSocketFactory.java:384)
	at unirest.shaded.org.apache.http.impl.conn.DefaultHttpClientConnectionOperator.connect(DefaultHttpClientConnectionOperator.java:142)
	at unirest.shaded.org.apache.http.impl.conn.PoolingHttpClientConnectionManager.connect(PoolingHttpClientConnectionManager.java:374)
	at unirest.shaded.org.apache.http.impl.execchain.MainClientExec.establishRoute(MainClientExec.java:393)
	at unirest.shaded.org.apache.http.impl.execchain.MainClientExec.execute(MainClientExec.java:236)
	at unirest.shaded.org.apache.http.impl.execchain.ProtocolExec.execute(ProtocolExec.java:186)
	at unirest.shaded.org.apache.http.impl.execchain.RetryExec.execute(RetryExec.java:89)
	at unirest.shaded.org.apache.http.impl.execchain.RedirectExec.execute(RedirectExec.java:110)
	at unirest.shaded.org.apache.http.impl.client.InternalHttpClient.doExecute(InternalHttpClient.java:185)
	at unirest.shaded.org.apache.http.impl.client.CloseableHttpClient.execute(CloseableHttpClient.java:83)
	at unirest.shaded.org.apache.http.impl.client.CloseableHttpClient.execute(CloseableHttpClient.java:108)
	at unirest.shaded.org.apache.http.impl.client.CloseableHttpClient.execute(CloseableHttpClient.java:56)
	at kong.unirest.apache.ApacheClient.request(ApacheClient.java:125)
	... 3 more
Caused by: sun.security.validator.ValidatorException: PKIX path building failed: sun.security.provider.certpath.SunCertPathBuilderException: unable to find valid certification path to requested target
	at sun.security.validator.PKIXValidator.doBuild(PKIXValidator.java:387)
	at sun.security.validator.PKIXValidator.engineValidate(PKIXValidator.java:292)
	at sun.security.validator.Validator.validate(Validator.java:260)
	at sun.security.ssl.X509TrustManagerImpl.validate(X509TrustManagerImpl.java:324)
	at sun.security.ssl.X509TrustManagerImpl.checkTrusted(X509TrustManagerImpl.java:229)
	at sun.security.ssl.X509TrustManagerImpl.checkServerTrusted(X509TrustManagerImpl.java:124)
	at sun.security.ssl.ClientHandshaker.serverCertificate(ClientHandshaker.java:1453)
	... 24 more
Caused by: sun.security.provider.certpath.SunCertPathBuilderException: unable to find valid certification path to requested target
	at sun.security.provider.certpath.SunCertPathBuilder.build(SunCertPathBuilder.java:145)
	at sun.security.provider.certpath.SunCertPathBuilder.engineBuild(SunCertPathBuilder.java:131)
	at java.security.cert.CertPathBuilder.build(CertPathBuilder.java:280)
	at sun.security.validator.PKIXValidator.doBuild(PKIXValidator.java:382)
	... 30 more

18-Dec-2019 15:24:41 [main] ERROR websfa.model.comenzi.OperatiiMasini - kong.unirest.UnirestException: javax.net.ssl.SSLHandshakeException: sun.security.validator.ValidatorException: PKIX path building failed: sun.security.provider.certpath.SunCertPathBuilderException: unable to find valid certification path to requested target
	at kong.unirest.apache.ApacheClient.request(ApacheClient.java:134)
	at kong.unirest.BaseRequest.asString(BaseRequest.java:180)
	at websfa.model.comenzi.OperatiiMasini.getPlateNumber(OperatiiMasini.java:109)
	at websfa.test.TestClass.main(TestClass.java:45)
Caused by: javax.net.ssl.SSLHandshakeException: sun.security.validator.ValidatorException: PKIX path building failed: sun.security.provider.certpath.SunCertPathBuilderException: unable to find valid certification path to requested target
	at sun.security.ssl.Alerts.getSSLException(Alerts.java:192)
	at sun.security.ssl.SSLSocketImpl.fatal(SSLSocketImpl.java:1917)
	at sun.security.ssl.Handshaker.fatalSE(Handshaker.java:301)
	at sun.security.ssl.Handshaker.fatalSE(Handshaker.java:295)
	at sun.security.ssl.ClientHandshaker.serverCertificate(ClientHandshaker.java:1471)
	at sun.security.ssl.ClientHandshaker.processMessage(ClientHandshaker.java:212)
	at sun.security.ssl.Handshaker.processLoop(Handshaker.java:936)
	at sun.security.ssl.Handshaker.process_record(Handshaker.java:871)
	at sun.security.ssl.SSLSocketImpl.readRecord(SSLSocketImpl.java:1043)
	at sun.security.ssl.SSLSocketImpl.performInitialHandshake(SSLSocketImpl.java:1343)
	at sun.security.ssl.SSLSocketImpl.startHandshake(SSLSocketImpl.java:1371)
	at sun.security.ssl.SSLSocketImpl.startHandshake(SSLSocketImpl.java:1355)
	at unirest.shaded.org.apache.http.conn.ssl.SSLConnectionSocketFactory.createLayeredSocket(SSLConnectionSocketFactory.java:436)
	at unirest.shaded.org.apache.http.conn.ssl.SSLConnectionSocketFactory.connectSocket(SSLConnectionSocketFactory.java:384)
	at unirest.shaded.org.apache.http.impl.conn.DefaultHttpClientConnectionOperator.connect(DefaultHttpClientConnectionOperator.java:142)
	at unirest.shaded.org.apache.http.impl.conn.PoolingHttpClientConnectionManager.connect(PoolingHttpClientConnectionManager.java:374)
	at unirest.shaded.org.apache.http.impl.execchain.MainClientExec.establishRoute(MainClientExec.java:393)
	at unirest.shaded.org.apache.http.impl.execchain.MainClientExec.execute(MainClientExec.java:236)
	at unirest.shaded.org.apache.http.impl.execchain.ProtocolExec.execute(ProtocolExec.java:186)
	at unirest.shaded.org.apache.http.impl.execchain.RetryExec.execute(RetryExec.java:89)
	at unirest.shaded.org.apache.http.impl.execchain.RedirectExec.execute(RedirectExec.java:110)
	at unirest.shaded.org.apache.http.impl.client.InternalHttpClient.doExecute(InternalHttpClient.java:185)
	at unirest.shaded.org.apache.http.impl.client.CloseableHttpClient.execute(CloseableHttpClient.java:83)
	at unirest.shaded.org.apache.http.impl.client.CloseableHttpClient.execute(CloseableHttpClient.java:108)
	at unirest.shaded.org.apache.http.impl.client.CloseableHttpClient.execute(CloseableHttpClient.java:56)
	at kong.unirest.apache.ApacheClient.request(ApacheClient.java:125)
	... 3 more
Caused by: sun.security.validator.ValidatorException: PKIX path building failed: sun.security.provider.certpath.SunCertPathBuilderException: unable to find valid certification path to requested target
	at sun.security.validator.PKIXValidator.doBuild(PKIXValidator.java:387)
	at sun.security.validator.PKIXValidator.engineValidate(PKIXValidator.java:292)
	at sun.security.validator.Validator.validate(Validator.java:260)
	at sun.security.ssl.X509TrustManagerImpl.validate(X509TrustManagerImpl.java:324)
	at sun.security.ssl.X509TrustManagerImpl.checkTrusted(X509TrustManagerImpl.java:229)
	at sun.security.ssl.X509TrustManagerImpl.checkServerTrusted(X509TrustManagerImpl.java:124)
	at sun.security.ssl.ClientHandshaker.serverCertificate(ClientHandshaker.java:1453)
	... 24 more
Caused by: sun.security.provider.certpath.SunCertPathBuilderException: unable to find valid certification path to requested target
	at sun.security.provider.certpath.SunCertPathBuilder.build(SunCertPathBuilder.java:145)
	at sun.security.provider.certpath.SunCertPathBuilder.engineBuild(SunCertPathBuilder.java:131)
	at java.security.cert.CertPathBuilder.build(CertPathBuilder.java:280)
	at sun.security.validator.PKIXValidator.doBuild(PKIXValidator.java:382)
	... 30 more

18-Dec-2019 16:11:17 [main] ERROR websfa.model.comenzi.OperatiiMasini - kong.unirest.UnirestException: javax.net.ssl.SSLHandshakeException: sun.security.validator.ValidatorException: PKIX path building failed: sun.security.provider.certpath.SunCertPathBuilderException: unable to find valid certification path to requested target
	at kong.unirest.apache.ApacheClient.request(ApacheClient.java:134)
	at kong.unirest.BaseRequest.asString(BaseRequest.java:180)
	at websfa.model.comenzi.OperatiiMasini.getPlateNumber(OperatiiMasini.java:109)
	at websfa.test.TestClass.main(TestClass.java:45)
Caused by: javax.net.ssl.SSLHandshakeException: sun.security.validator.ValidatorException: PKIX path building failed: sun.security.provider.certpath.SunCertPathBuilderException: unable to find valid certification path to requested target
	at sun.security.ssl.Alerts.getSSLException(Alerts.java:192)
	at sun.security.ssl.SSLSocketImpl.fatal(SSLSocketImpl.java:1917)
	at sun.security.ssl.Handshaker.fatalSE(Handshaker.java:301)
	at sun.security.ssl.Handshaker.fatalSE(Handshaker.java:295)
	at sun.security.ssl.ClientHandshaker.serverCertificate(ClientHandshaker.java:1471)
	at sun.security.ssl.ClientHandshaker.processMessage(ClientHandshaker.java:212)
	at sun.security.ssl.Handshaker.processLoop(Handshaker.java:936)
	at sun.security.ssl.Handshaker.process_record(Handshaker.java:871)
	at sun.security.ssl.SSLSocketImpl.readRecord(SSLSocketImpl.java:1043)
	at sun.security.ssl.SSLSocketImpl.performInitialHandshake(SSLSocketImpl.java:1343)
	at sun.security.ssl.SSLSocketImpl.startHandshake(SSLSocketImpl.java:1371)
	at sun.security.ssl.SSLSocketImpl.startHandshake(SSLSocketImpl.java:1355)
	at unirest.shaded.org.apache.http.conn.ssl.SSLConnectionSocketFactory.createLayeredSocket(SSLConnectionSocketFactory.java:436)
	at unirest.shaded.org.apache.http.conn.ssl.SSLConnectionSocketFactory.connectSocket(SSLConnectionSocketFactory.java:384)
	at unirest.shaded.org.apache.http.impl.conn.DefaultHttpClientConnectionOperator.connect(DefaultHttpClientConnectionOperator.java:142)
	at unirest.shaded.org.apache.http.impl.conn.PoolingHttpClientConnectionManager.connect(PoolingHttpClientConnectionManager.java:374)
	at unirest.shaded.org.apache.http.impl.execchain.MainClientExec.establishRoute(MainClientExec.java:393)
	at unirest.shaded.org.apache.http.impl.execchain.MainClientExec.execute(MainClientExec.java:236)
	at unirest.shaded.org.apache.http.impl.execchain.ProtocolExec.execute(ProtocolExec.java:186)
	at unirest.shaded.org.apache.http.impl.execchain.RetryExec.execute(RetryExec.java:89)
	at unirest.shaded.org.apache.http.impl.execchain.RedirectExec.execute(RedirectExec.java:110)
	at unirest.shaded.org.apache.http.impl.client.InternalHttpClient.doExecute(InternalHttpClient.java:185)
	at unirest.shaded.org.apache.http.impl.client.CloseableHttpClient.execute(CloseableHttpClient.java:83)
	at unirest.shaded.org.apache.http.impl.client.CloseableHttpClient.execute(CloseableHttpClient.java:108)
	at unirest.shaded.org.apache.http.impl.client.CloseableHttpClient.execute(CloseableHttpClient.java:56)
	at kong.unirest.apache.ApacheClient.request(ApacheClient.java:125)
	... 3 more
Caused by: sun.security.validator.ValidatorException: PKIX path building failed: sun.security.provider.certpath.SunCertPathBuilderException: unable to find valid certification path to requested target
	at sun.security.validator.PKIXValidator.doBuild(PKIXValidator.java:387)
	at sun.security.validator.PKIXValidator.engineValidate(PKIXValidator.java:292)
	at sun.security.validator.Validator.validate(Validator.java:260)
	at sun.security.ssl.X509TrustManagerImpl.validate(X509TrustManagerImpl.java:324)
	at sun.security.ssl.X509TrustManagerImpl.checkTrusted(X509TrustManagerImpl.java:229)
	at sun.security.ssl.X509TrustManagerImpl.checkServerTrusted(X509TrustManagerImpl.java:124)
	at sun.security.ssl.ClientHandshaker.serverCertificate(ClientHandshaker.java:1453)
	... 24 more
Caused by: sun.security.provider.certpath.SunCertPathBuilderException: unable to find valid certification path to requested target
	at sun.security.provider.certpath.SunCertPathBuilder.build(SunCertPathBuilder.java:145)
	at sun.security.provider.certpath.SunCertPathBuilder.engineBuild(SunCertPathBuilder.java:131)
	at java.security.cert.CertPathBuilder.build(CertPathBuilder.java:280)
	at sun.security.validator.PKIXValidator.doBuild(PKIXValidator.java:382)
	... 30 more

18-Dec-2019 16:11:35 [main] ERROR websfa.model.comenzi.OperatiiMasini - kong.unirest.UnirestException: javax.net.ssl.SSLHandshakeException: sun.security.validator.ValidatorException: PKIX path building failed: sun.security.provider.certpath.SunCertPathBuilderException: unable to find valid certification path to requested target
	at kong.unirest.apache.ApacheClient.request(ApacheClient.java:134)
	at kong.unirest.BaseRequest.asString(BaseRequest.java:180)
	at websfa.model.comenzi.OperatiiMasini.getPlateNumber(OperatiiMasini.java:109)
	at websfa.test.TestClass.main(TestClass.java:45)
Caused by: javax.net.ssl.SSLHandshakeException: sun.security.validator.ValidatorException: PKIX path building failed: sun.security.provider.certpath.SunCertPathBuilderException: unable to find valid certification path to requested target
	at sun.security.ssl.Alerts.getSSLException(Alerts.java:192)
	at sun.security.ssl.SSLSocketImpl.fatal(SSLSocketImpl.java:1917)
	at sun.security.ssl.Handshaker.fatalSE(Handshaker.java:301)
	at sun.security.ssl.Handshaker.fatalSE(Handshaker.java:295)
	at sun.security.ssl.ClientHandshaker.serverCertificate(ClientHandshaker.java:1471)
	at sun.security.ssl.ClientHandshaker.processMessage(ClientHandshaker.java:212)
	at sun.security.ssl.Handshaker.processLoop(Handshaker.java:936)
	at sun.security.ssl.Handshaker.process_record(Handshaker.java:871)
	at sun.security.ssl.SSLSocketImpl.readRecord(SSLSocketImpl.java:1043)
	at sun.security.ssl.SSLSocketImpl.performInitialHandshake(SSLSocketImpl.java:1343)
	at sun.security.ssl.SSLSocketImpl.startHandshake(SSLSocketImpl.java:1371)
	at sun.security.ssl.SSLSocketImpl.startHandshake(SSLSocketImpl.java:1355)
	at unirest.shaded.org.apache.http.conn.ssl.SSLConnectionSocketFactory.createLayeredSocket(SSLConnectionSocketFactory.java:436)
	at unirest.shaded.org.apache.http.conn.ssl.SSLConnectionSocketFactory.connectSocket(SSLConnectionSocketFactory.java:384)
	at unirest.shaded.org.apache.http.impl.conn.DefaultHttpClientConnectionOperator.connect(DefaultHttpClientConnectionOperator.java:142)
	at unirest.shaded.org.apache.http.impl.conn.PoolingHttpClientConnectionManager.connect(PoolingHttpClientConnectionManager.java:374)
	at unirest.shaded.org.apache.http.impl.execchain.MainClientExec.establishRoute(MainClientExec.java:393)
	at unirest.shaded.org.apache.http.impl.execchain.MainClientExec.execute(MainClientExec.java:236)
	at unirest.shaded.org.apache.http.impl.execchain.ProtocolExec.execute(ProtocolExec.java:186)
	at unirest.shaded.org.apache.http.impl.execchain.RetryExec.execute(RetryExec.java:89)
	at unirest.shaded.org.apache.http.impl.execchain.RedirectExec.execute(RedirectExec.java:110)
	at unirest.shaded.org.apache.http.impl.client.InternalHttpClient.doExecute(InternalHttpClient.java:185)
	at unirest.shaded.org.apache.http.impl.client.CloseableHttpClient.execute(CloseableHttpClient.java:83)
	at unirest.shaded.org.apache.http.impl.client.CloseableHttpClient.execute(CloseableHttpClient.java:108)
	at unirest.shaded.org.apache.http.impl.client.CloseableHttpClient.execute(CloseableHttpClient.java:56)
	at kong.unirest.apache.ApacheClient.request(ApacheClient.java:125)
	... 3 more
Caused by: sun.security.validator.ValidatorException: PKIX path building failed: sun.security.provider.certpath.SunCertPathBuilderException: unable to find valid certification path to requested target
	at sun.security.validator.PKIXValidator.doBuild(PKIXValidator.java:387)
	at sun.security.validator.PKIXValidator.engineValidate(PKIXValidator.java:292)
	at sun.security.validator.Validator.validate(Validator.java:260)
	at sun.security.ssl.X509TrustManagerImpl.validate(X509TrustManagerImpl.java:324)
	at sun.security.ssl.X509TrustManagerImpl.checkTrusted(X509TrustManagerImpl.java:229)
	at sun.security.ssl.X509TrustManagerImpl.checkServerTrusted(X509TrustManagerImpl.java:124)
	at sun.security.ssl.ClientHandshaker.serverCertificate(ClientHandshaker.java:1453)
	... 24 more
Caused by: sun.security.provider.certpath.SunCertPathBuilderException: unable to find valid certification path to requested target
	at sun.security.provider.certpath.SunCertPathBuilder.build(SunCertPathBuilder.java:145)
	at sun.security.provider.certpath.SunCertPathBuilder.engineBuild(SunCertPathBuilder.java:131)
	at java.security.cert.CertPathBuilder.build(CertPathBuilder.java:280)
	at sun.security.validator.PKIXValidator.doBuild(PKIXValidator.java:382)
	... 30 more

18-Dec-2019 16:22:38 [main] ERROR websfa.model.comenzi.OperatiiMasini - kong.unirest.UnirestException: javax.net.ssl.SSLHandshakeException: sun.security.validator.ValidatorException: PKIX path building failed: sun.security.provider.certpath.SunCertPathBuilderException: unable to find valid certification path to requested target
	at kong.unirest.apache.ApacheClient.request(ApacheClient.java:134)
	at kong.unirest.BaseRequest.asString(BaseRequest.java:180)
	at websfa.model.comenzi.OperatiiMasini.getPlateNumber(OperatiiMasini.java:109)
	at websfa.test.TestClass.main(TestClass.java:45)
Caused by: javax.net.ssl.SSLHandshakeException: sun.security.validator.ValidatorException: PKIX path building failed: sun.security.provider.certpath.SunCertPathBuilderException: unable to find valid certification path to requested target
	at sun.security.ssl.Alerts.getSSLException(Alerts.java:192)
	at sun.security.ssl.SSLSocketImpl.fatal(SSLSocketImpl.java:1917)
	at sun.security.ssl.Handshaker.fatalSE(Handshaker.java:301)
	at sun.security.ssl.Handshaker.fatalSE(Handshaker.java:295)
	at sun.security.ssl.ClientHandshaker.serverCertificate(ClientHandshaker.java:1471)
	at sun.security.ssl.ClientHandshaker.processMessage(ClientHandshaker.java:212)
	at sun.security.ssl.Handshaker.processLoop(Handshaker.java:936)
	at sun.security.ssl.Handshaker.process_record(Handshaker.java:871)
	at sun.security.ssl.SSLSocketImpl.readRecord(SSLSocketImpl.java:1043)
	at sun.security.ssl.SSLSocketImpl.performInitialHandshake(SSLSocketImpl.java:1343)
	at sun.security.ssl.SSLSocketImpl.startHandshake(SSLSocketImpl.java:1371)
	at sun.security.ssl.SSLSocketImpl.startHandshake(SSLSocketImpl.java:1355)
	at unirest.shaded.org.apache.http.conn.ssl.SSLConnectionSocketFactory.createLayeredSocket(SSLConnectionSocketFactory.java:436)
	at unirest.shaded.org.apache.http.conn.ssl.SSLConnectionSocketFactory.connectSocket(SSLConnectionSocketFactory.java:384)
	at unirest.shaded.org.apache.http.impl.conn.DefaultHttpClientConnectionOperator.connect(DefaultHttpClientConnectionOperator.java:142)
	at unirest.shaded.org.apache.http.impl.conn.PoolingHttpClientConnectionManager.connect(PoolingHttpClientConnectionManager.java:374)
	at unirest.shaded.org.apache.http.impl.execchain.MainClientExec.establishRoute(MainClientExec.java:393)
	at unirest.shaded.org.apache.http.impl.execchain.MainClientExec.execute(MainClientExec.java:236)
	at unirest.shaded.org.apache.http.impl.execchain.ProtocolExec.execute(ProtocolExec.java:186)
	at unirest.shaded.org.apache.http.impl.execchain.RetryExec.execute(RetryExec.java:89)
	at unirest.shaded.org.apache.http.impl.execchain.RedirectExec.execute(RedirectExec.java:110)
	at unirest.shaded.org.apache.http.impl.client.InternalHttpClient.doExecute(InternalHttpClient.java:185)
	at unirest.shaded.org.apache.http.impl.client.CloseableHttpClient.execute(CloseableHttpClient.java:83)
	at unirest.shaded.org.apache.http.impl.client.CloseableHttpClient.execute(CloseableHttpClient.java:108)
	at unirest.shaded.org.apache.http.impl.client.CloseableHttpClient.execute(CloseableHttpClient.java:56)
	at kong.unirest.apache.ApacheClient.request(ApacheClient.java:125)
	... 3 more
Caused by: sun.security.validator.ValidatorException: PKIX path building failed: sun.security.provider.certpath.SunCertPathBuilderException: unable to find valid certification path to requested target
	at sun.security.validator.PKIXValidator.doBuild(PKIXValidator.java:387)
	at sun.security.validator.PKIXValidator.engineValidate(PKIXValidator.java:292)
	at sun.security.validator.Validator.validate(Validator.java:260)
	at sun.security.ssl.X509TrustManagerImpl.validate(X509TrustManagerImpl.java:324)
	at sun.security.ssl.X509TrustManagerImpl.checkTrusted(X509TrustManagerImpl.java:229)
	at sun.security.ssl.X509TrustManagerImpl.checkServerTrusted(X509TrustManagerImpl.java:124)
	at sun.security.ssl.ClientHandshaker.serverCertificate(ClientHandshaker.java:1453)
	... 24 more
Caused by: sun.security.provider.certpath.SunCertPathBuilderException: unable to find valid certification path to requested target
	at sun.security.provider.certpath.SunCertPathBuilder.build(SunCertPathBuilder.java:145)
	at sun.security.provider.certpath.SunCertPathBuilder.engineBuild(SunCertPathBuilder.java:131)
	at java.security.cert.CertPathBuilder.build(CertPathBuilder.java:280)
	at sun.security.validator.PKIXValidator.doBuild(PKIXValidator.java:382)
	... 30 more

18-Dec-2019 16:32:27 [main] ERROR websfa.model.comenzi.OperatiiMasini - kong.unirest.UnirestException: javax.net.ssl.SSLHandshakeException: sun.security.validator.ValidatorException: PKIX path building failed: sun.security.provider.certpath.SunCertPathBuilderException: unable to find valid certification path to requested target
	at kong.unirest.apache.ApacheClient.request(ApacheClient.java:134)
	at kong.unirest.BaseRequest.asString(BaseRequest.java:180)
	at websfa.model.comenzi.OperatiiMasini.getPlateNumber(OperatiiMasini.java:109)
	at websfa.test.TestClass.main(TestClass.java:45)
Caused by: javax.net.ssl.SSLHandshakeException: sun.security.validator.ValidatorException: PKIX path building failed: sun.security.provider.certpath.SunCertPathBuilderException: unable to find valid certification path to requested target
	at sun.security.ssl.Alerts.getSSLException(Alerts.java:192)
	at sun.security.ssl.SSLSocketImpl.fatal(SSLSocketImpl.java:1917)
	at sun.security.ssl.Handshaker.fatalSE(Handshaker.java:301)
	at sun.security.ssl.Handshaker.fatalSE(Handshaker.java:295)
	at sun.security.ssl.ClientHandshaker.serverCertificate(ClientHandshaker.java:1471)
	at sun.security.ssl.ClientHandshaker.processMessage(ClientHandshaker.java:212)
	at sun.security.ssl.Handshaker.processLoop(Handshaker.java:936)
	at sun.security.ssl.Handshaker.process_record(Handshaker.java:871)
	at sun.security.ssl.SSLSocketImpl.readRecord(SSLSocketImpl.java:1043)
	at sun.security.ssl.SSLSocketImpl.performInitialHandshake(SSLSocketImpl.java:1343)
	at sun.security.ssl.SSLSocketImpl.startHandshake(SSLSocketImpl.java:1371)
	at sun.security.ssl.SSLSocketImpl.startHandshake(SSLSocketImpl.java:1355)
	at unirest.shaded.org.apache.http.conn.ssl.SSLConnectionSocketFactory.createLayeredSocket(SSLConnectionSocketFactory.java:436)
	at unirest.shaded.org.apache.http.conn.ssl.SSLConnectionSocketFactory.connectSocket(SSLConnectionSocketFactory.java:384)
	at unirest.shaded.org.apache.http.impl.conn.DefaultHttpClientConnectionOperator.connect(DefaultHttpClientConnectionOperator.java:142)
	at unirest.shaded.org.apache.http.impl.conn.PoolingHttpClientConnectionManager.connect(PoolingHttpClientConnectionManager.java:374)
	at unirest.shaded.org.apache.http.impl.execchain.MainClientExec.establishRoute(MainClientExec.java:393)
	at unirest.shaded.org.apache.http.impl.execchain.MainClientExec.execute(MainClientExec.java:236)
	at unirest.shaded.org.apache.http.impl.execchain.ProtocolExec.execute(ProtocolExec.java:186)
	at unirest.shaded.org.apache.http.impl.execchain.RetryExec.execute(RetryExec.java:89)
	at unirest.shaded.org.apache.http.impl.execchain.RedirectExec.execute(RedirectExec.java:110)
	at unirest.shaded.org.apache.http.impl.client.InternalHttpClient.doExecute(InternalHttpClient.java:185)
	at unirest.shaded.org.apache.http.impl.client.CloseableHttpClient.execute(CloseableHttpClient.java:83)
	at unirest.shaded.org.apache.http.impl.client.CloseableHttpClient.execute(CloseableHttpClient.java:108)
	at unirest.shaded.org.apache.http.impl.client.CloseableHttpClient.execute(CloseableHttpClient.java:56)
	at kong.unirest.apache.ApacheClient.request(ApacheClient.java:125)
	... 3 more
Caused by: sun.security.validator.ValidatorException: PKIX path building failed: sun.security.provider.certpath.SunCertPathBuilderException: unable to find valid certification path to requested target
	at sun.security.validator.PKIXValidator.doBuild(PKIXValidator.java:387)
	at sun.security.validator.PKIXValidator.engineValidate(PKIXValidator.java:292)
	at sun.security.validator.Validator.validate(Validator.java:260)
	at sun.security.ssl.X509TrustManagerImpl.validate(X509TrustManagerImpl.java:324)
	at sun.security.ssl.X509TrustManagerImpl.checkTrusted(X509TrustManagerImpl.java:229)
	at sun.security.ssl.X509TrustManagerImpl.checkServerTrusted(X509TrustManagerImpl.java:124)
	at sun.security.ssl.ClientHandshaker.serverCertificate(ClientHandshaker.java:1453)
	... 24 more
Caused by: sun.security.provider.certpath.SunCertPathBuilderException: unable to find valid certification path to requested target
	at sun.security.provider.certpath.SunCertPathBuilder.build(SunCertPathBuilder.java:145)
	at sun.security.provider.certpath.SunCertPathBuilder.engineBuild(SunCertPathBuilder.java:131)
	at java.security.cert.CertPathBuilder.build(CertPathBuilder.java:280)
	at sun.security.validator.PKIXValidator.doBuild(PKIXValidator.java:382)
	... 30 more

18-Dec-2019 16:45:40 [main] ERROR websfa.model.comenzi.OperatiiMasini - kong.unirest.UnirestException: java.io.FileNotFoundException: resource\car1.jpg (The system cannot find the path specified)
	at kong.unirest.apache.ApacheClient.request(ApacheClient.java:134)
	at kong.unirest.BaseRequest.asString(BaseRequest.java:180)
	at websfa.model.comenzi.OperatiiMasini.getPlateNumber(OperatiiMasini.java:109)
	at websfa.test.TestClass.main(TestClass.java:45)
Caused by: java.io.FileNotFoundException: resource\car1.jpg (The system cannot find the path specified)
	at java.io.FileInputStream.open(Native Method)
	at java.io.FileInputStream.<init>(FileInputStream.java:138)
	at unirest.shaded.org.apache.http.entity.mime.content.FileBody.writeTo(FileBody.java:116)
	at kong.unirest.apache.MonitoringFileBody.writeTo(MonitoringFileBody.java:56)
	at unirest.shaded.org.apache.http.entity.mime.AbstractMultipartForm.doWriteTo(AbstractMultipartForm.java:134)
	at unirest.shaded.org.apache.http.entity.mime.AbstractMultipartForm.writeTo(AbstractMultipartForm.java:157)
	at unirest.shaded.org.apache.http.entity.mime.MultipartFormEntity.writeTo(MultipartFormEntity.java:113)
	at unirest.shaded.org.apache.http.impl.DefaultBHttpClientConnection.sendRequestEntity(DefaultBHttpClientConnection.java:156)
	at unirest.shaded.org.apache.http.impl.conn.CPoolProxy.sendRequestEntity(CPoolProxy.java:152)
	at unirest.shaded.org.apache.http.protocol.HttpRequestExecutor.doSendRequest(HttpRequestExecutor.java:238)
	at unirest.shaded.org.apache.http.protocol.HttpRequestExecutor.execute(HttpRequestExecutor.java:123)
	at unirest.shaded.org.apache.http.impl.execchain.MainClientExec.execute(MainClientExec.java:272)
	at unirest.shaded.org.apache.http.impl.execchain.ProtocolExec.execute(ProtocolExec.java:186)
	at unirest.shaded.org.apache.http.impl.execchain.RetryExec.execute(RetryExec.java:89)
	at unirest.shaded.org.apache.http.impl.execchain.RedirectExec.execute(RedirectExec.java:110)
	at unirest.shaded.org.apache.http.impl.client.InternalHttpClient.doExecute(InternalHttpClient.java:185)
	at unirest.shaded.org.apache.http.impl.client.CloseableHttpClient.execute(CloseableHttpClient.java:83)
	at unirest.shaded.org.apache.http.impl.client.CloseableHttpClient.execute(CloseableHttpClient.java:108)
	at unirest.shaded.org.apache.http.impl.client.CloseableHttpClient.execute(CloseableHttpClient.java:56)
	at kong.unirest.apache.ApacheClient.request(ApacheClient.java:125)
	... 3 more

18-Dec-2019 16:46:07 [main] ERROR websfa.model.comenzi.OperatiiMasini - kong.unirest.UnirestException: java.io.FileNotFoundException: \resource\car1.jpg (The system cannot find the path specified)
	at kong.unirest.apache.ApacheClient.request(ApacheClient.java:134)
	at kong.unirest.BaseRequest.asString(BaseRequest.java:180)
	at websfa.model.comenzi.OperatiiMasini.getPlateNumber(OperatiiMasini.java:109)
	at websfa.test.TestClass.main(TestClass.java:45)
Caused by: java.io.FileNotFoundException: \resource\car1.jpg (The system cannot find the path specified)
	at java.io.FileInputStream.open(Native Method)
	at java.io.FileInputStream.<init>(FileInputStream.java:138)
	at unirest.shaded.org.apache.http.entity.mime.content.FileBody.writeTo(FileBody.java:116)
	at kong.unirest.apache.MonitoringFileBody.writeTo(MonitoringFileBody.java:56)
	at unirest.shaded.org.apache.http.entity.mime.AbstractMultipartForm.doWriteTo(AbstractMultipartForm.java:134)
	at unirest.shaded.org.apache.http.entity.mime.AbstractMultipartForm.writeTo(AbstractMultipartForm.java:157)
	at unirest.shaded.org.apache.http.entity.mime.MultipartFormEntity.writeTo(MultipartFormEntity.java:113)
	at unirest.shaded.org.apache.http.impl.DefaultBHttpClientConnection.sendRequestEntity(DefaultBHttpClientConnection.java:156)
	at unirest.shaded.org.apache.http.impl.conn.CPoolProxy.sendRequestEntity(CPoolProxy.java:152)
	at unirest.shaded.org.apache.http.protocol.HttpRequestExecutor.doSendRequest(HttpRequestExecutor.java:238)
	at unirest.shaded.org.apache.http.protocol.HttpRequestExecutor.execute(HttpRequestExecutor.java:123)
	at unirest.shaded.org.apache.http.impl.execchain.MainClientExec.execute(MainClientExec.java:272)
	at unirest.shaded.org.apache.http.impl.execchain.ProtocolExec.execute(ProtocolExec.java:186)
	at unirest.shaded.org.apache.http.impl.execchain.RetryExec.execute(RetryExec.java:89)
	at unirest.shaded.org.apache.http.impl.execchain.RedirectExec.execute(RedirectExec.java:110)
	at unirest.shaded.org.apache.http.impl.client.InternalHttpClient.doExecute(InternalHttpClient.java:185)
	at unirest.shaded.org.apache.http.impl.client.CloseableHttpClient.execute(CloseableHttpClient.java:83)
	at unirest.shaded.org.apache.http.impl.client.CloseableHttpClient.execute(CloseableHttpClient.java:108)
	at unirest.shaded.org.apache.http.impl.client.CloseableHttpClient.execute(CloseableHttpClient.java:56)
	at kong.unirest.apache.ApacheClient.request(ApacheClient.java:125)
	... 3 more

18-Dec-2019 16:48:16 [main] ERROR websfa.model.comenzi.OperatiiMasini - kong.unirest.UnirestException: java.io.FileNotFoundException: \resources\car1.jpg (The system cannot find the path specified)
	at kong.unirest.apache.ApacheClient.request(ApacheClient.java:134)
	at kong.unirest.BaseRequest.asString(BaseRequest.java:180)
	at websfa.model.comenzi.OperatiiMasini.getPlateNumber(OperatiiMasini.java:109)
	at websfa.test.TestClass.main(TestClass.java:45)
Caused by: java.io.FileNotFoundException: \resources\car1.jpg (The system cannot find the path specified)
	at java.io.FileInputStream.open(Native Method)
	at java.io.FileInputStream.<init>(FileInputStream.java:138)
	at unirest.shaded.org.apache.http.entity.mime.content.FileBody.writeTo(FileBody.java:116)
	at kong.unirest.apache.MonitoringFileBody.writeTo(MonitoringFileBody.java:56)
	at unirest.shaded.org.apache.http.entity.mime.AbstractMultipartForm.doWriteTo(AbstractMultipartForm.java:134)
	at unirest.shaded.org.apache.http.entity.mime.AbstractMultipartForm.writeTo(AbstractMultipartForm.java:157)
	at unirest.shaded.org.apache.http.entity.mime.MultipartFormEntity.writeTo(MultipartFormEntity.java:113)
	at unirest.shaded.org.apache.http.impl.DefaultBHttpClientConnection.sendRequestEntity(DefaultBHttpClientConnection.java:156)
	at unirest.shaded.org.apache.http.impl.conn.CPoolProxy.sendRequestEntity(CPoolProxy.java:152)
	at unirest.shaded.org.apache.http.protocol.HttpRequestExecutor.doSendRequest(HttpRequestExecutor.java:238)
	at unirest.shaded.org.apache.http.protocol.HttpRequestExecutor.execute(HttpRequestExecutor.java:123)
	at unirest.shaded.org.apache.http.impl.execchain.MainClientExec.execute(MainClientExec.java:272)
	at unirest.shaded.org.apache.http.impl.execchain.ProtocolExec.execute(ProtocolExec.java:186)
	at unirest.shaded.org.apache.http.impl.execchain.RetryExec.execute(RetryExec.java:89)
	at unirest.shaded.org.apache.http.impl.execchain.RedirectExec.execute(RedirectExec.java:110)
	at unirest.shaded.org.apache.http.impl.client.InternalHttpClient.doExecute(InternalHttpClient.java:185)
	at unirest.shaded.org.apache.http.impl.client.CloseableHttpClient.execute(CloseableHttpClient.java:83)
	at unirest.shaded.org.apache.http.impl.client.CloseableHttpClient.execute(CloseableHttpClient.java:108)
	at unirest.shaded.org.apache.http.impl.client.CloseableHttpClient.execute(CloseableHttpClient.java:56)
	at kong.unirest.apache.ApacheClient.request(ApacheClient.java:125)
	... 3 more

